build/outputs/logs/manifest-merger-debug-report.txt
-- Merging decision tree log ---
manifest
ADDED from AndroidManifest.xml:2:1
	package
		ADDED from AndroidManifest.xml:3:5
	android:versionName
		ADDED from AndroidManifest.xml:5:5
	android:versionCode
		ADDED from AndroidManifest.xml:4:5
		INJECTED from AndroidManifest.xml:0:0
		INJECTED from AndroidManifest.xml:0:0
	xmlns:android
		ADDED from AndroidManifest.xml:2:11
uses-sdk
ADDED from AndroidManifest.xml:7:5
MERGED from Wakeup_1:ActionBarSherlock:unspecified:7:5
MERGED from Wakeup_1:SlidingMenu:unspecified:7:5
	android:targetSdkVersion
		ADDED from AndroidManifest.xml:9:9
	android:minSdkVersion
		ADDED from AndroidManifest.xml:8:9
uses-permission#android.permission.RECORD_AUDIO
ADDED from AndroidManifest.xml:11:5
	android:name
		ADDED from AndroidManifest.xml:11:22
uses-permission#android.permission.WRITE_EXTERNAL_STORAGE
ADDED from AndroidManifest.xml:12:5
	android:name
		ADDED from AndroidManifest.xml:12:22
uses-permission#android.permission.DISABLE_KEYGUARD
ADDED from AndroidManifest.xml:13:5
	android:name
		ADDED from AndroidManifest.xml:13:22
uses-permission#android.permission.INTERNET
ADDED from AndroidManifest.xml:16:5
	android:name
		ADDED from AndroidManifest.xml:16:22
uses-permission#android.permission.ACCESS_NETWORK_STATE
ADDED from AndroidManifest.xml:18:5
	android:name
		ADDED from AndroidManifest.xml:18:22
uses-permission#android.permission.READ_PHONE_STATE
ADDED from AndroidManifest.xml:20:5
	android:name
		ADDED from AndroidManifest.xml:20:22
uses-permission#android.permission.ACCESS_COARSE_LOCATION
ADDED from AndroidManifest.xml:24:5
	android:name
		ADDED from AndroidManifest.xml:24:22
uses-permission#android.permission.ACCESS_WIFI_STATE
ADDED from AndroidManifest.xml:26:5
	android:name
		ADDED from AndroidManifest.xml:26:22
uses-permission#android.permission.VIBRATE
ADDED from AndroidManifest.xml:30:5
	android:name
		ADDED from AndroidManifest.xml:30:22
uses-permission#android.permission.CAMERA
ADDED from AndroidManifest.xml:31:5
	android:name
		ADDED from AndroidManifest.xml:31:22
uses-permission#android.permission.WAKE_LOCK
ADDED from AndroidManifest.xml:33:5
	android:name
		ADDED from AndroidManifest.xml:33:22
uses-feature#android.hardware.camera
ADDED from AndroidManifest.xml:35:5
	android:name
		ADDED from AndroidManifest.xml:35:19
uses-feature#android.hardware.camera.autofocus
ADDED from AndroidManifest.xml:36:5
	android:name
		ADDED from AndroidManifest.xml:36:19
uses-feature#android.hardware.autofocus
ADDED from AndroidManifest.xml:37:5
	android:name
		ADDED from AndroidManifest.xml:37:19
uses-permission#android.permission.ACCESS_COARSE_UPDATES
ADDED from AndroidManifest.xml:45:5
	android:name
		ADDED from AndroidManifest.xml:45:22
uses-permission#android.permission.RECEIVE_BOOT_COMPLETED
ADDED from AndroidManifest.xml:46:5
	android:name
		ADDED from AndroidManifest.xml:46:22
uses-permission#android.permission.CHANGE_NETWORK_STATE
ADDED from AndroidManifest.xml:52:5
	android:name
		ADDED from AndroidManifest.xml:52:22
uses-permission#android.permission.CHANGE_WIFI_STATE
ADDED from AndroidManifest.xml:53:5
	android:name
		ADDED from AndroidManifest.xml:53:22
uses-permission#android.permission.ACCESS_FINE_LOCATION
ADDED from AndroidManifest.xml:65:5
	android:name
		ADDED from AndroidManifest.xml:65:22
instrumentation#android.test.InstrumentationTestRunner
ADDED from AndroidManifest.xml:76:5
	android:targetPackage
		ADDED from AndroidManifest.xml:78:9
	android:name
		ADDED from AndroidManifest.xml:77:9
application
ADDED from AndroidManifest.xml:81:5
MERGED from Wakeup_1:ActionBarSherlock:unspecified:11:5
	android:label
		ADDED from AndroidManifest.xml:85:9
	android:allowBackup
		ADDED from AndroidManifest.xml:83:9
	android:icon
		ADDED from AndroidManifest.xml:84:9
	android:theme
		ADDED from AndroidManifest.xml:86:9
	android:name
		ADDED from AndroidManifest.xml:82:9
meta-data#com.thinkland.juheapi.openid
ADDED from AndroidManifest.xml:87:10
	android:value
		ADDED from AndroidManifest.xml:89:13
	android:name
		ADDED from AndroidManifest.xml:88:13
activity#com.lensent.wakeup.Welcome
ADDED from AndroidManifest.xml:90:9
	android:theme
		ADDED from AndroidManifest.xml:92:13
	android:name
		ADDED from AndroidManifest.xml:91:13
intent-filter#android.intent.action.MAIN+android.intent.category.LAUNCHER
ADDED from AndroidManifest.xml:93:13
action#android.intent.action.MAIN
ADDED from AndroidManifest.xml:94:17
	android:name
		ADDED from AndroidManifest.xml:94:25
category#android.intent.category.LAUNCHER
ADDED from AndroidManifest.xml:96:17
	android:name
		ADDED from AndroidManifest.xml:96:27
activity#com.lensent.wakeup.Main
ADDED from AndroidManifest.xml:99:9
	android:name
		ADDED from AndroidManifest.xml:99:19
activity#com.lensent.wakeup.Miaobiao
ADDED from AndroidManifest.xml:101:9
	android:name
		ADDED from AndroidManifest.xml:101:19
service#com.lensent.wakeup.Myservice
ADDED from AndroidManifest.xml:104:9
	android:name
		ADDED from AndroidManifest.xml:104:18
receiver#com.lensent.service.Widget
ADDED from AndroidManifest.xml:107:9
	android:name
		ADDED from AndroidManifest.xml:107:19
intent-filter#android.appwidget.action.APPWIDGET_UPDATE+timer
ADDED from AndroidManifest.xml:108:13
action#timer
ADDED from AndroidManifest.xml:109:17
	android:name
		ADDED from AndroidManifest.xml:109:25
action#android.appwidget.action.APPWIDGET_UPDATE
ADDED from AndroidManifest.xml:110:17
	android:name
		ADDED from AndroidManifest.xml:110:25
meta-data#android.appwidget.provider
ADDED from AndroidManifest.xml:114:13
	android:resource
		ADDED from AndroidManifest.xml:116:17
	android:name
		ADDED from AndroidManifest.xml:115:17
receiver#com.lensent.wakeup.BootReceiver
ADDED from AndroidManifest.xml:118:9
	android:label
		ADDED from AndroidManifest.xml:120:13
	android:name
		ADDED from AndroidManifest.xml:119:13
intent-filter#android.intent.action.BOOT_COMPLETED+android.intent.category.LAUNCHER
ADDED from AndroidManifest.xml:121:13
action#android.intent.action.BOOT_COMPLETED
ADDED from AndroidManifest.xml:122:17
	android:name
		ADDED from AndroidManifest.xml:122:25
service#com.lensent.service.Foundwifi
ADDED from AndroidManifest.xml:128:9
	android:name
		ADDED from AndroidManifest.xml:128:18
activity#com.lensent.wakeup.AlarmView
ADDED from AndroidManifest.xml:131:9
	android:name
		ADDED from AndroidManifest.xml:131:19
activity#com.lensent.wakeup.AlarmActivity
ADDED from AndroidManifest.xml:133:9
	android:name
		ADDED from AndroidManifest.xml:133:19
intent-filter#alarm+android.intent.category.LAUNCHER
ADDED from AndroidManifest.xml:134:13
action#alarm
ADDED from AndroidManifest.xml:135:17
	android:name
		ADDED from AndroidManifest.xml:135:25
activity#com.lensent.wakeup.Wifi
ADDED from AndroidManifest.xml:140:9
	android:name
		ADDED from AndroidManifest.xml:140:19
service#com.lensent.service.Home
ADDED from AndroidManifest.xml:143:9
	android:name
		ADDED from AndroidManifest.xml:143:18
service#com.lensent.service.Back
ADDED from AndroidManifest.xml:145:9
	android:enabled
		ADDED from AndroidManifest.xml:147:13
	android:name
		ADDED from AndroidManifest.xml:146:13
activity#com.lensent.wakeup.AlarmList
ADDED from AndroidManifest.xml:150:9
	android:name
		ADDED from AndroidManifest.xml:150:19
activity#wakeup.guide.GuideActivity
ADDED from AndroidManifest.xml:152:9
	android:theme
		ADDED from AndroidManifest.xml:154:13
	android:name
		ADDED from AndroidManifest.xml:153:13
activity#com.lensent.wakeup.Edit
ADDED from AndroidManifest.xml:156:9
	android:name
		ADDED from AndroidManifest.xml:156:19
activity#cn.domob.android.ads.DomobActivity
ADDED from AndroidManifest.xml:158:9
	android:theme
		ADDED from AndroidManifest.xml:160:13
	android:name
		ADDED from AndroidManifest.xml:159:13
receiver#com.lensent.wakeup.AlarmReciver
ADDED from AndroidManifest.xml:163:9
	android:name
		ADDED from AndroidManifest.xml:163:19
activity#com.lensent.service.Wifiremind
ADDED from AndroidManifest.xml:166:9
	android:name
		ADDED from AndroidManifest.xml:166:19
activity#com.sina.weibo.sdk.demo.WBShareActivity
ADDED from AndroidManifest.xml:168:9
	android:screenOrientation
		ADDED from AndroidManifest.xml:171:13
	android:configChanges
		ADDED from AndroidManifest.xml:170:13
	android:name
		ADDED from AndroidManifest.xml:169:13
intent-filter#android.intent.category.DEFAULT+cCom.sina.weibo.sdk.action.ACTION_SDK_REQ_ACTIVITY
ADDED from AndroidManifest.xml:172:13
action#cCom.sina.weibo.sdk.action.ACTION_SDK_REQ_ACTIVITY
ADDED from AndroidManifest.xml:173:17
	android:name
		ADDED from AndroidManifest.xml:173:25
category#android.intent.category.DEFAULT
ADDED from AndroidManifest.xml:175:17
	android:name
		ADDED from AndroidManifest.xml:175:27
activity#com.umeng.socialize.view.ShareActivity
ADDED from AndroidManifest.xml:181:9
	android:launchMode
		ADDED from AndroidManifest.xml:184:13
	android:noHistory
		ADDED from AndroidManifest.xml:185:13
	android:windowSoftInputMode
		ADDED from AndroidManifest.xml:187:13
	android:configChanges
		ADDED from AndroidManifest.xml:183:13
	android:theme
		ADDED from AndroidManifest.xml:186:13
	android:name
		ADDED from AndroidManifest.xml:182:13
meta-data#UMENG_APPKEY
ADDED from AndroidManifest.xml:190:9
	android:value
		ADDED from AndroidManifest.xml:192:13
	android:name
		ADDED from AndroidManifest.xml:191:13
meta-data#UMENG_CHANNEL
ADDED from AndroidManifest.xml:198:9
	android:value
		ADDED from AndroidManifest.xml:200:13
	android:name
		ADDED from AndroidManifest.xml:199:13
activity#com.lensent.wakeup.AuthActivity
ADDED from AndroidManifest.xml:202:9
	android:name
		ADDED from AndroidManifest.xml:202:19
activity#wakeup.guide.GuideViewDoor
ADDED from AndroidManifest.xml:204:9
	android:name
		ADDED from AndroidManifest.xml:204:19
activity#com.lensent.wakeup.Timer
ADDED from AndroidManifest.xml:207:9
	android:name
		ADDED from AndroidManifest.xml:207:19
activity#com.lensent.wakeup.AlarmAvtivity_Normal
ADDED from AndroidManifest.xml:209:9
	android:name
		ADDED from AndroidManifest.xml:209:19
service#com.lensent.service.AlarmService
ADDED from AndroidManifest.xml:212:9
	android:name
		ADDED from AndroidManifest.xml:212:18
service#com.umeng.update.net.DownloadingService
ADDED from AndroidManifest.xml:216:9
	android:process
		ADDED from AndroidManifest.xml:218:13
	android:name
		ADDED from AndroidManifest.xml:217:13
activity#com.umeng.update.UpdateDialogActivity
ADDED from AndroidManifest.xml:221:9
	android:theme
		ADDED from AndroidManifest.xml:223:13
	android:name
		ADDED from AndroidManifest.xml:222:13
activity#com.zxing.activity.CaptureActivity
ADDED from AndroidManifest.xml:226:9
	android:screenOrientation
		ADDED from AndroidManifest.xml:229:13
	android:windowSoftInputMode
		ADDED from AndroidManifest.xml:231:13
	android:configChanges
		ADDED from AndroidManifest.xml:227:13
	android:theme
		ADDED from AndroidManifest.xml:230:13
	android:name
		ADDED from AndroidManifest.xml:228:13
activity#com.lensent.wakeup.ZxingScan
ADDED from AndroidManifest.xml:233:9
	android:name
		ADDED from AndroidManifest.xml:233:19
activity#com.tencent.tauth.AuthActivity
ADDED from AndroidManifest.xml:235:9
	android:launchMode
		ADDED from AndroidManifest.xml:237:13
	android:noHistory
		ADDED from AndroidManifest.xml:238:13
	android:name
		ADDED from AndroidManifest.xml:236:13
intent-filter#android.intent.action.VIEW+android.intent.category.BROWSABLE+android.intent.category.DEFAULT
ADDED from AndroidManifest.xml:239:13
action#android.intent.action.VIEW
ADDED from AndroidManifest.xml:240:17
	android:name
		ADDED from AndroidManifest.xml:240:25
category#android.intent.category.BROWSABLE
ADDED from AndroidManifest.xml:243:17
	android:name
		ADDED from AndroidManifest.xml:243:27
data
ADDED from AndroidManifest.xml:245:17
	android:scheme
		ADDED from AndroidManifest.xml:245:23
activity#com.tencent.connect.common.AssistActivity
ADDED from AndroidManifest.xml:248:9
	android:screenOrientation
		ADDED from AndroidManifest.xml:250:13
	android:theme
		ADDED from AndroidManifest.xml:249:13
	android:name
		ADDED from AndroidManifest.xml:248:19